[DUDE ! 2022-04-21 14:56:03,184] DEBUG in __init__: debug
[DUDE ! 2022-04-21 14:56:03,185] INFO in __init__: info
[DUDE ! 2022-04-21 14:56:03,185] WARNING in __init__: warning
[DUDE ! 2022-04-21 14:56:03,185] ERROR in __init__: error
[DUDE ! 2022-04-21 14:56:03,185] CRITICAL in __init__: critical
[DUDE ! 2022-04-21 14:58:48,529] DEBUG in __init__: debug
[DUDE ! 2022-04-21 14:58:48,529] INFO in __init__: info
[DUDE ! 2022-04-21 14:58:48,529] WARNING in __init__: warning
[DUDE ! 2022-04-21 14:58:48,529] ERROR in __init__: error
[DUDE ! 2022-04-21 14:58:48,529] CRITICAL in __init__: critical
[DUDE ! 2022-04-21 14:59:04,441] DEBUG in __init__: debug
[DUDE ! 2022-04-21 14:59:04,441] INFO in __init__: info
[DUDE ! 2022-04-21 14:59:04,441] WARNING in __init__: warning
[DUDE ! 2022-04-21 14:59:04,441] ERROR in __init__: error
[DUDE ! 2022-04-21 14:59:04,442] CRITICAL in __init__: critical
[DUDE ! 2022-04-21 14:59:53,797] DEBUG in __init__: debug
[DUDE ! 2022-04-21 14:59:53,798] INFO in __init__: info
[DUDE ! 2022-04-21 14:59:53,798] WARNING in __init__: warning
[DUDE ! 2022-04-21 14:59:53,798] ERROR in __init__: error
[DUDE ! 2022-04-21 14:59:53,798] CRITICAL in __init__: critical
[DUDE ! 2022-04-21 15:00:04,577] DEBUG in __init__: debug
[DUDE ! 2022-04-21 15:00:04,578] INFO in __init__: info
[DUDE ! 2022-04-21 15:00:04,578] WARNING in __init__: warning
[DUDE ! 2022-04-21 15:00:04,578] ERROR in __init__: error
[DUDE ! 2022-04-21 15:00:04,578] CRITICAL in __init__: critical
